<?xml version="1.0" encoding="UTF-8"?>
<testsuite name="moodanalyzertest" tests="1" skipped="0" failures="0" errors="0" timestamp="2019-12-26T11:48:09" hostname="aniketchahare" time="0.006">
  <properties/>
  <testcase name="whenGivenNull_ShouldReturnHappy" classname="moodanalyzertest" time="0.006"/>
  <system-out><![CDATA[Please enter valid message
]]></system-out>
  <system-err><![CDATA[]]></system-err>
</testsuite>
