<?xml version="1.0" encoding="UTF-8"?>
<testsuite name="moodanalyzertest" tests="1" skipped="0" failures="0" errors="0" timestamp="2019-12-26T09:47:41" hostname="aniketchahare" time="0.002">
  <properties/>
  <testcase name="whenGivenNull_ShouldReturnHappy" classname="moodanalyzertest" time="0.002"/>
  <system-out><![CDATA[Please enter valid message
]]></system-out>
  <system-err><![CDATA[]]></system-err>
</testsuite>
